<?xml version="1.0" encoding="UTF-8"?>
<!-- Generated by org.testng.reporters.JUnitReportReporter -->
<testsuite hostname="HarithaPC" name="com.mosaicsmartdata.technicaltest.tests.LoginTest" tests="2" failures="0" timestamp="26 Apr 2018 01:15:36 GMT" time="12.637" errors="0">
  <testcase name="logintest" time="11.832" classname="com.mosaicsmartdata.technicaltest.tests.LoginTest"/>
  <testcase name="logintest" time="0.805" classname="com.mosaicsmartdata.technicaltest.tests.LoginTest"/>
</testsuite> <!-- com.mosaicsmartdata.technicaltest.tests.LoginTest -->
