<?xml version="1.0" encoding="UTF-8"?>
<!-- Generated by org.testng.reporters.JUnitReportReporter -->
<testsuite hostname="HarithaPC" name="com.mosaicsmartdata.technicaltest.tests.LoginTest" tests="2" failures="0" timestamp="26 Apr 2018 21:16:16 GMT" time="24.053" errors="0">
  <testcase name="logintest" time="18.565" classname="com.mosaicsmartdata.technicaltest.tests.LoginTest"/>
  <testcase name="logintest" time="5.488" classname="com.mosaicsmartdata.technicaltest.tests.LoginTest"/>
</testsuite> <!-- com.mosaicsmartdata.technicaltest.tests.LoginTest -->
